{"C:\\Users\\Asus\\OneDrive\\Desktop\\Task Management Application\\backend\\src\\app.js": {"path":"C:\\Users\\Asus\\OneDrive\\Desktop\\Task Management Application\\backend\\src\\app.js","statementMap":{"0":{"start":{"line":1,"column":17},"end":{"line":1,"column":35}},"1":{"start":{"line":2,"column":12},"end":{"line":2,"column":35}},"2":{"start":{"line":4,"column":12},"end":{"line":4,"column":21}},"3":{"start":{"line":5,"column":0},"end":{"line":5,"column":24}},"4":{"start":{"line":7,"column":19},"end":{"line":7,"column":58}},"5":{"start":{"line":10,"column":14},"end":{"line":10,"column":23}},"6":{"start":{"line":11,"column":14},"end":{"line":11,"column":23}},"7":{"start":{"line":15,"column":2},"end":{"line":15,"column":65}},"8":{"start":{"line":19,"column":0},"end":{"line":27,"column":3}},"9":{"start":{"line":20,"column":33},"end":{"line":20,"column":47}},"10":{"start":{"line":21,"column":2},"end":{"line":21,"column":105}},"11":{"start":{"line":21,"column":30},"end":{"line":21,"column":105}},"12":{"start":{"line":22,"column":2},"end":{"line":22,"column":83}},"13":{"start":{"line":22,"column":27},"end":{"line":22,"column":83}},"14":{"start":{"line":23,"column":2},"end":{"line":23,"column":46}},"15":{"start":{"line":24,"column":2},"end":{"line":24,"column":52}},"16":{"start":{"line":24,"column":28},"end":{"line":24,"column":52}},"17":{"start":{"line":25,"column":16},"end":{"line":25,"column":35}},"18":{"start":{"line":26,"column":2},"end":{"line":26,"column":61}},"19":{"start":{"line":30,"column":0},"end":{"line":37,"column":3}},"20":{"start":{"line":31,"column":33},"end":{"line":31,"column":47}},"21":{"start":{"line":32,"column":2},"end":{"line":32,"column":105}},"22":{"start":{"line":32,"column":30},"end":{"line":32,"column":105}},"23":{"start":{"line":33,"column":12},"end":{"line":33,"column":31}},"24":{"start":{"line":34,"column":2},"end":{"line":34,"column":101}},"25":{"start":{"line":34,"column":37},"end":{"line":34,"column":101}},"26":{"start":{"line":35,"column":16},"end":{"line":35,"column":35}},"27":{"start":{"line":36,"column":2},"end":{"line":36,"column":61}},"28":{"start":{"line":41,"column":12},"end":{"line":41,"column":43}},"29":{"start":{"line":42,"column":12},"end":{"line":42,"column":36}},"30":{"start":{"line":43,"column":2},"end":{"line":43,"column":68}},"31":{"start":{"line":43,"column":10},"end":{"line":43,"column":68}},"32":{"start":{"line":44,"column":16},"end":{"line":44,"column":20}},"33":{"start":{"line":45,"column":2},"end":{"line":51,"column":3}},"34":{"start":{"line":46,"column":20},"end":{"line":46,"column":49}},"35":{"start":{"line":47,"column":4},"end":{"line":47,"column":23}},"36":{"start":{"line":48,"column":4},"end":{"line":48,"column":11}},"37":{"start":{"line":50,"column":4},"end":{"line":50,"column":62}},"38":{"start":{"line":55,"column":0},"end":{"line":59,"column":3}},"39":{"start":{"line":56,"column":19},"end":{"line":56,"column":36}},"40":{"start":{"line":57,"column":15},"end":{"line":57,"column":40}},"41":{"start":{"line":58,"column":2},"end":{"line":58,"column":17}},"42":{"start":{"line":61,"column":0},"end":{"line":71,"column":3}},"43":{"start":{"line":62,"column":19},"end":{"line":62,"column":36}},"44":{"start":{"line":63,"column":58},"end":{"line":63,"column":72}},"45":{"start":{"line":64,"column":2},"end":{"line":64,"column":73}},"46":{"start":{"line":64,"column":14},"end":{"line":64,"column":73}},"47":{"start":{"line":65,"column":13},"end":{"line":65,"column":76}},"48":{"start":{"line":66,"column":15},"end":{"line":66,"column":49}},"49":{"start":{"line":67,"column":15},"end":{"line":67,"column":40}},"50":{"start":{"line":68,"column":2},"end":{"line":68,"column":18}},"51":{"start":{"line":69,"column":2},"end":{"line":69,"column":28}},"52":{"start":{"line":70,"column":2},"end":{"line":70,"column":29}},"53":{"start":{"line":73,"column":0},"end":{"line":84,"column":3}},"54":{"start":{"line":74,"column":19},"end":{"line":74,"column":36}},"55":{"start":{"line":75,"column":13},"end":{"line":75,"column":26}},"56":{"start":{"line":76,"column":16},"end":{"line":76,"column":30}},"57":{"start":{"line":77,"column":15},"end":{"line":77,"column":40}},"58":{"start":{"line":78,"column":14},"end":{"line":78,"column":64}},"59":{"start":{"line":78,"column":35},"end":{"line":78,"column":62}},"60":{"start":{"line":79,"column":2},"end":{"line":79,"column":72}},"61":{"start":{"line":79,"column":18},"end":{"line":79,"column":72}},"62":{"start":{"line":80,"column":18},"end":{"line":80,"column":53}},"63":{"start":{"line":81,"column":2},"end":{"line":81,"column":22}},"64":{"start":{"line":82,"column":2},"end":{"line":82,"column":28}},"65":{"start":{"line":83,"column":2},"end":{"line":83,"column":20}},"66":{"start":{"line":86,"column":0},"end":{"line":96,"column":3}},"67":{"start":{"line":87,"column":19},"end":{"line":87,"column":36}},"68":{"start":{"line":88,"column":13},"end":{"line":88,"column":26}},"69":{"start":{"line":89,"column":13},"end":{"line":89,"column":38}},"70":{"start":{"line":90,"column":17},"end":{"line":90,"column":28}},"71":{"start":{"line":91,"column":2},"end":{"line":91,"column":58}},"72":{"start":{"line":91,"column":26},"end":{"line":91,"column":56}},"73":{"start":{"line":92,"column":2},"end":{"line":92,"column":28}},"74":{"start":{"line":93,"column":16},"end":{"line":93,"column":27}},"75":{"start":{"line":94,"column":2},"end":{"line":94,"column":78}},"76":{"start":{"line":94,"column":24},"end":{"line":94,"column":78}},"77":{"start":{"line":95,"column":2},"end":{"line":95,"column":25}},"78":{"start":{"line":99,"column":0},"end":{"line":99,"column":21}},"79":{"start":{"line":102,"column":0},"end":{"line":105,"column":1}},"80":{"start":{"line":103,"column":15},"end":{"line":103,"column":39}},"81":{"start":{"line":104,"column":2},"end":{"line":104,"column":72}},"82":{"start":{"line":104,"column":25},"end":{"line":104,"column":70}}},"fnMap":{"0":{"name":"signToken","decl":{"start":{"line":14,"column":9},"end":{"line":14,"column":18}},"loc":{"start":{"line":14,"column":29},"end":{"line":16,"column":1}},"line":14},"1":{"name":"(anonymous_1)","decl":{"start":{"line":19,"column":31},"end":{"line":19,"column":32}},"loc":{"start":{"line":19,"column":45},"end":{"line":27,"column":1}},"line":19},"2":{"name":"(anonymous_2)","decl":{"start":{"line":30,"column":28},"end":{"line":30,"column":29}},"loc":{"start":{"line":30,"column":42},"end":{"line":37,"column":1}},"line":30},"3":{"name":"authMiddleware","decl":{"start":{"line":40,"column":9},"end":{"line":40,"column":23}},"loc":{"start":{"line":40,"column":40},"end":{"line":52,"column":1}},"line":40},"4":{"name":"(anonymous_4)","decl":{"start":{"line":55,"column":38},"end":{"line":55,"column":39}},"loc":{"start":{"line":55,"column":52},"end":{"line":59,"column":1}},"line":55},"5":{"name":"(anonymous_5)","decl":{"start":{"line":61,"column":39},"end":{"line":61,"column":40}},"loc":{"start":{"line":61,"column":53},"end":{"line":71,"column":1}},"line":61},"6":{"name":"(anonymous_6)","decl":{"start":{"line":73,"column":42},"end":{"line":73,"column":43}},"loc":{"start":{"line":73,"column":56},"end":{"line":84,"column":1}},"line":73},"7":{"name":"(anonymous_7)","decl":{"start":{"line":78,"column":29},"end":{"line":78,"column":30}},"loc":{"start":{"line":78,"column":35},"end":{"line":78,"column":62}},"line":78},"8":{"name":"(anonymous_8)","decl":{"start":{"line":86,"column":45},"end":{"line":86,"column":46}},"loc":{"start":{"line":86,"column":59},"end":{"line":96,"column":1}},"line":86},"9":{"name":"(anonymous_9)","decl":{"start":{"line":91,"column":21},"end":{"line":91,"column":22}},"loc":{"start":{"line":91,"column":26},"end":{"line":91,"column":56}},"line":91},"10":{"name":"(anonymous_10)","decl":{"start":{"line":104,"column":19},"end":{"line":104,"column":20}},"loc":{"start":{"line":104,"column":25},"end":{"line":104,"column":70}},"line":104}},"branchMap":{"0":{"loc":{"start":{"line":7,"column":19},"end":{"line":7,"column":58}},"type":"binary-expr","locations":[{"start":{"line":7,"column":19},"end":{"line":7,"column":41}},{"start":{"line":7,"column":45},"end":{"line":7,"column":58}}],"line":7},"1":{"loc":{"start":{"line":20,"column":33},"end":{"line":20,"column":47}},"type":"binary-expr","locations":[{"start":{"line":20,"column":33},"end":{"line":20,"column":41}},{"start":{"line":20,"column":45},"end":{"line":20,"column":47}}],"line":20},"2":{"loc":{"start":{"line":21,"column":2},"end":{"line":21,"column":105}},"type":"if","locations":[{"start":{"line":21,"column":2},"end":{"line":21,"column":105}},{"start":{},"end":{}}],"line":21},"3":{"loc":{"start":{"line":21,"column":6},"end":{"line":21,"column":28}},"type":"binary-expr","locations":[{"start":{"line":21,"column":6},"end":{"line":21,"column":15}},{"start":{"line":21,"column":19},"end":{"line":21,"column":28}}],"line":21},"4":{"loc":{"start":{"line":22,"column":2},"end":{"line":22,"column":83}},"type":"if","locations":[{"start":{"line":22,"column":2},"end":{"line":22,"column":83}},{"start":{},"end":{}}],"line":22},"5":{"loc":{"start":{"line":24,"column":2},"end":{"line":24,"column":52}},"type":"if","locations":[{"start":{"line":24,"column":2},"end":{"line":24,"column":52}},{"start":{},"end":{}}],"line":24},"6":{"loc":{"start":{"line":31,"column":33},"end":{"line":31,"column":47}},"type":"binary-expr","locations":[{"start":{"line":31,"column":33},"end":{"line":31,"column":41}},{"start":{"line":31,"column":45},"end":{"line":31,"column":47}}],"line":31},"7":{"loc":{"start":{"line":32,"column":2},"end":{"line":32,"column":105}},"type":"if","locations":[{"start":{"line":32,"column":2},"end":{"line":32,"column":105}},{"start":{},"end":{}}],"line":32},"8":{"loc":{"start":{"line":32,"column":6},"end":{"line":32,"column":28}},"type":"binary-expr","locations":[{"start":{"line":32,"column":6},"end":{"line":32,"column":15}},{"start":{"line":32,"column":19},"end":{"line":32,"column":28}}],"line":32},"9":{"loc":{"start":{"line":34,"column":2},"end":{"line":34,"column":101}},"type":"if","locations":[{"start":{"line":34,"column":2},"end":{"line":34,"column":101}},{"start":{},"end":{}}],"line":34},"10":{"loc":{"start":{"line":34,"column":6},"end":{"line":34,"column":35}},"type":"binary-expr","locations":[{"start":{"line":34,"column":6},"end":{"line":34,"column":8}},{"start":{"line":34,"column":12},"end":{"line":34,"column":35}}],"line":34},"11":{"loc":{"start":{"line":41,"column":12},"end":{"line":41,"column":43}},"type":"binary-expr","locations":[{"start":{"line":41,"column":12},"end":{"line":41,"column":37}},{"start":{"line":41,"column":41},"end":{"line":41,"column":43}}],"line":41},"12":{"loc":{"start":{"line":43,"column":2},"end":{"line":43,"column":68}},"type":"if","locations":[{"start":{"line":43,"column":2},"end":{"line":43,"column":68}},{"start":{},"end":{}}],"line":43},"13":{"loc":{"start":{"line":57,"column":15},"end":{"line":57,"column":40}},"type":"binary-expr","locations":[{"start":{"line":57,"column":15},"end":{"line":57,"column":34}},{"start":{"line":57,"column":38},"end":{"line":57,"column":40}}],"line":57},"14":{"loc":{"start":{"line":63,"column":17},"end":{"line":63,"column":33}},"type":"default-arg","locations":[{"start":{"line":63,"column":31},"end":{"line":63,"column":33}}],"line":63},"15":{"loc":{"start":{"line":63,"column":35},"end":{"line":63,"column":53}},"type":"default-arg","locations":[{"start":{"line":63,"column":44},"end":{"line":63,"column":53}}],"line":63},"16":{"loc":{"start":{"line":63,"column":58},"end":{"line":63,"column":72}},"type":"binary-expr","locations":[{"start":{"line":63,"column":58},"end":{"line":63,"column":66}},{"start":{"line":63,"column":70},"end":{"line":63,"column":72}}],"line":63},"17":{"loc":{"start":{"line":64,"column":2},"end":{"line":64,"column":73}},"type":"if","locations":[{"start":{"line":64,"column":2},"end":{"line":64,"column":73}},{"start":{},"end":{}}],"line":64},"18":{"loc":{"start":{"line":67,"column":15},"end":{"line":67,"column":40}},"type":"binary-expr","locations":[{"start":{"line":67,"column":15},"end":{"line":67,"column":34}},{"start":{"line":67,"column":38},"end":{"line":67,"column":40}}],"line":67},"19":{"loc":{"start":{"line":76,"column":16},"end":{"line":76,"column":30}},"type":"binary-expr","locations":[{"start":{"line":76,"column":16},"end":{"line":76,"column":24}},{"start":{"line":76,"column":28},"end":{"line":76,"column":30}}],"line":76},"20":{"loc":{"start":{"line":77,"column":15},"end":{"line":77,"column":40}},"type":"binary-expr","locations":[{"start":{"line":77,"column":15},"end":{"line":77,"column":34}},{"start":{"line":77,"column":38},"end":{"line":77,"column":40}}],"line":77},"21":{"loc":{"start":{"line":78,"column":35},"end":{"line":78,"column":62}},"type":"binary-expr","locations":[{"start":{"line":78,"column":35},"end":{"line":78,"column":46}},{"start":{"line":78,"column":50},"end":{"line":78,"column":62}}],"line":78},"22":{"loc":{"start":{"line":79,"column":2},"end":{"line":79,"column":72}},"type":"if","locations":[{"start":{"line":79,"column":2},"end":{"line":79,"column":72}},{"start":{},"end":{}}],"line":79},"23":{"loc":{"start":{"line":89,"column":13},"end":{"line":89,"column":38}},"type":"binary-expr","locations":[{"start":{"line":89,"column":13},"end":{"line":89,"column":32}},{"start":{"line":89,"column":36},"end":{"line":89,"column":38}}],"line":89},"24":{"loc":{"start":{"line":91,"column":28},"end":{"line":91,"column":55}},"type":"binary-expr","locations":[{"start":{"line":91,"column":28},"end":{"line":91,"column":39}},{"start":{"line":91,"column":43},"end":{"line":91,"column":55}}],"line":91},"25":{"loc":{"start":{"line":94,"column":2},"end":{"line":94,"column":78}},"type":"if","locations":[{"start":{"line":94,"column":2},"end":{"line":94,"column":78}},{"start":{},"end":{}}],"line":94},"26":{"loc":{"start":{"line":102,"column":0},"end":{"line":105,"column":1}},"type":"if","locations":[{"start":{"line":102,"column":0},"end":{"line":105,"column":1}},{"start":{},"end":{}}],"line":102},"27":{"loc":{"start":{"line":103,"column":15},"end":{"line":103,"column":39}},"type":"binary-expr","locations":[{"start":{"line":103,"column":15},"end":{"line":103,"column":31}},{"start":{"line":103,"column":35},"end":{"line":103,"column":39}}],"line":103}},"s":{"0":3,"1":3,"2":3,"3":3,"4":3,"5":3,"6":3,"7":4,"8":3,"9":2,"10":2,"11":0,"12":2,"13":0,"14":2,"15":2,"16":2,"17":2,"18":2,"19":3,"20":3,"21":3,"22":0,"23":3,"24":3,"25":1,"26":2,"27":2,"28":6,"29":6,"30":6,"31":1,"32":5,"33":5,"34":5,"35":4,"36":4,"37":1,"38":3,"39":1,"40":1,"41":1,"42":3,"43":1,"44":1,"45":1,"46":0,"47":1,"48":1,"49":1,"50":1,"51":1,"52":1,"53":3,"54":1,"55":1,"56":1,"57":1,"58":1,"59":1,"60":1,"61":0,"62":1,"63":1,"64":1,"65":1,"66":3,"67":1,"68":1,"69":1,"70":1,"71":1,"72":1,"73":1,"74":1,"75":1,"76":0,"77":1,"78":3,"79":3,"80":0,"81":0,"82":0},"f":{"0":4,"1":2,"2":3,"3":6,"4":1,"5":1,"6":1,"7":1,"8":1,"9":1,"10":0},"b":{"0":[3,3],"1":[2,0],"2":[0,2],"3":[2,2],"4":[0,2],"5":[2,0],"6":[3,0],"7":[0,3],"8":[3,3],"9":[1,2],"10":[3,3],"11":[6,1],"12":[1,5],"13":[1,0],"14":[0],"15":[0],"16":[1,0],"17":[0,1],"18":[1,0],"19":[1,0],"20":[1,0],"21":[1,0],"22":[0,1],"23":[1,0],"24":[1,0],"25":[0,1],"26":[0,3],"27":[0,0]},"_coverageSchema":"1a1c01bbd47fc00a2c39e90264f33305004495a9","hash":"ea0191ca7c187dba02b06eb7fe6620df41344a58"}
,"C:\\Users\\Asus\\OneDrive\\Desktop\\Task Management Application\\backend\\src\\index.js": {"path":"C:\\Users\\Asus\\OneDrive\\Desktop\\Task Management Application\\backend\\src\\index.js","statementMap":{"0":{"start":{"line":8,"column":0},"end":{"line":8,"column":16}},"1":{"start":{"line":10,"column":12},"end":{"line":10,"column":21}},"2":{"start":{"line":11,"column":0},"end":{"line":11,"column":16}},"3":{"start":{"line":12,"column":0},"end":{"line":12,"column":24}},"4":{"start":{"line":14,"column":0},"end":{"line":14,"column":52}},"5":{"start":{"line":14,"column":28},"end":{"line":14,"column":50}},"6":{"start":{"line":16,"column":0},"end":{"line":16,"column":33}},"7":{"start":{"line":17,"column":0},"end":{"line":17,"column":34}},"8":{"start":{"line":19,"column":13},"end":{"line":19,"column":37}},"9":{"start":{"line":20,"column":14},"end":{"line":20,"column":35}},"10":{"start":{"line":22,"column":0},"end":{"line":30,"column":5}},"11":{"start":{"line":24,"column":4},"end":{"line":24,"column":37}},"12":{"start":{"line":25,"column":4},"end":{"line":25,"column":74}},"13":{"start":{"line":25,"column":27},"end":{"line":25,"column":72}},"14":{"start":{"line":28,"column":4},"end":{"line":28,"column":41}},"15":{"start":{"line":29,"column":4},"end":{"line":29,"column":20}}},"fnMap":{"0":{"name":"(anonymous_0)","decl":{"start":{"line":14,"column":13},"end":{"line":14,"column":14}},"loc":{"start":{"line":14,"column":28},"end":{"line":14,"column":50}},"line":14},"1":{"name":"(anonymous_1)","decl":{"start":{"line":23,"column":8},"end":{"line":23,"column":9}},"loc":{"start":{"line":23,"column":14},"end":{"line":26,"column":3}},"line":23},"2":{"name":"(anonymous_2)","decl":{"start":{"line":25,"column":21},"end":{"line":25,"column":22}},"loc":{"start":{"line":25,"column":27},"end":{"line":25,"column":72}},"line":25},"3":{"name":"(anonymous_3)","decl":{"start":{"line":27,"column":9},"end":{"line":27,"column":10}},"loc":{"start":{"line":27,"column":16},"end":{"line":30,"column":3}},"line":27}},"branchMap":{"0":{"loc":{"start":{"line":19,"column":13},"end":{"line":19,"column":37}},"type":"binary-expr","locations":[{"start":{"line":19,"column":13},"end":{"line":19,"column":29}},{"start":{"line":19,"column":33},"end":{"line":19,"column":37}}],"line":19}},"s":{"0":0,"1":0,"2":0,"3":0,"4":0,"5":0,"6":0,"7":0,"8":0,"9":0,"10":0,"11":0,"12":0,"13":0,"14":0,"15":0},"f":{"0":0,"1":0,"2":0,"3":0},"b":{"0":[0,0]}}
,"C:\\Users\\Asus\\OneDrive\\Desktop\\Task Management Application\\backend\\src\\controllers\\authController.js": {"path":"C:\\Users\\Asus\\OneDrive\\Desktop\\Task Management Application\\backend\\src\\controllers\\authController.js","statementMap":{"0":{"start":{"line":6,"column":2},"end":{"line":17,"column":3}},"1":{"start":{"line":7,"column":35},"end":{"line":7,"column":43}},"2":{"start":{"line":8,"column":19},"end":{"line":8,"column":51}},"3":{"start":{"line":9,"column":4},"end":{"line":9,"column":72}},"4":{"start":{"line":9,"column":16},"end":{"line":9,"column":72}},"5":{"start":{"line":11,"column":19},"end":{"line":11,"column":50}},"6":{"start":{"line":12,"column":17},"end":{"line":12,"column":66}},"7":{"start":{"line":14,"column":4},"end":{"line":14,"column":75}},"8":{"start":{"line":16,"column":4},"end":{"line":16,"column":54}},"9":{"start":{"line":21,"column":2},"end":{"line":38,"column":3}},"10":{"start":{"line":22,"column":35},"end":{"line":22,"column":43}},"11":{"start":{"line":23,"column":17},"end":{"line":23,"column":49}},"12":{"start":{"line":24,"column":4},"end":{"line":24,"column":69}},"13":{"start":{"line":24,"column":15},"end":{"line":24,"column":69}},"14":{"start":{"line":26,"column":15},"end":{"line":26,"column":60}},"15":{"start":{"line":27,"column":4},"end":{"line":27,"column":67}},"16":{"start":{"line":27,"column":13},"end":{"line":27,"column":67}},"17":{"start":{"line":29,"column":18},"end":{"line":33,"column":5}},"18":{"start":{"line":35,"column":4},"end":{"line":35,"column":80}},"19":{"start":{"line":37,"column":4},"end":{"line":37,"column":54}}},"fnMap":{"0":{"name":"register","decl":{"start":{"line":5,"column":22},"end":{"line":5,"column":30}},"loc":{"start":{"line":5,"column":41},"end":{"line":18,"column":1}},"line":5},"1":{"name":"login","decl":{"start":{"line":20,"column":22},"end":{"line":20,"column":27}},"loc":{"start":{"line":20,"column":38},"end":{"line":39,"column":1}},"line":20}},"branchMap":{"0":{"loc":{"start":{"line":9,"column":4},"end":{"line":9,"column":72}},"type":"if","locations":[{"start":{"line":9,"column":4},"end":{"line":9,"column":72}},{"start":{},"end":{}}],"line":9},"1":{"loc":{"start":{"line":24,"column":4},"end":{"line":24,"column":69}},"type":"if","locations":[{"start":{"line":24,"column":4},"end":{"line":24,"column":69}},{"start":{},"end":{}}],"line":24},"2":{"loc":{"start":{"line":27,"column":4},"end":{"line":27,"column":67}},"type":"if","locations":[{"start":{"line":27,"column":4},"end":{"line":27,"column":67}},{"start":{},"end":{}}],"line":27}},"s":{"0":0,"1":0,"2":0,"3":0,"4":0,"5":0,"6":0,"7":0,"8":0,"9":0,"10":0,"11":0,"12":0,"13":0,"14":0,"15":0,"16":0,"17":0,"18":0,"19":0},"f":{"0":0,"1":0},"b":{"0":[0,0],"1":[0,0],"2":[0,0]}}
,"C:\\Users\\Asus\\OneDrive\\Desktop\\Task Management Application\\backend\\src\\controllers\\taskController.js": {"path":"C:\\Users\\Asus\\OneDrive\\Desktop\\Task Management Application\\backend\\src\\controllers\\taskController.js","statementMap":{"0":{"start":{"line":4,"column":16},"end":{"line":4,"column":80}},"1":{"start":{"line":5,"column":2},"end":{"line":5,"column":25}},"2":{"start":{"line":9,"column":41},"end":{"line":9,"column":49}},"3":{"start":{"line":10,"column":2},"end":{"line":10,"column":73}},"4":{"start":{"line":10,"column":14},"end":{"line":10,"column":73}},"5":{"start":{"line":12,"column":15},"end":{"line":17,"column":4}},"6":{"start":{"line":19,"column":2},"end":{"line":19,"column":36}},"7":{"start":{"line":23,"column":13},"end":{"line":23,"column":26}},"8":{"start":{"line":24,"column":15},"end":{"line":24,"column":67}},"9":{"start":{"line":26,"column":2},"end":{"line":26,"column":67}},"10":{"start":{"line":26,"column":13},"end":{"line":26,"column":67}},"11":{"start":{"line":28,"column":2},"end":{"line":28,"column":44}},"12":{"start":{"line":29,"column":2},"end":{"line":29,"column":62}},"13":{"start":{"line":30,"column":2},"end":{"line":30,"column":47}},"14":{"start":{"line":32,"column":2},"end":{"line":32,"column":20}},"15":{"start":{"line":33,"column":2},"end":{"line":33,"column":24}},"16":{"start":{"line":37,"column":13},"end":{"line":37,"column":26}},"17":{"start":{"line":38,"column":15},"end":{"line":38,"column":67}},"18":{"start":{"line":40,"column":2},"end":{"line":40,"column":67}},"19":{"start":{"line":40,"column":13},"end":{"line":40,"column":67}},"20":{"start":{"line":42,"column":2},"end":{"line":42,"column":25}},"21":{"start":{"line":43,"column":2},"end":{"line":43,"column":26}}},"fnMap":{"0":{"name":"getTasks","decl":{"start":{"line":3,"column":22},"end":{"line":3,"column":30}},"loc":{"start":{"line":3,"column":41},"end":{"line":6,"column":1}},"line":3},"1":{"name":"createTask","decl":{"start":{"line":8,"column":22},"end":{"line":8,"column":32}},"loc":{"start":{"line":8,"column":43},"end":{"line":20,"column":1}},"line":8},"2":{"name":"updateTask","decl":{"start":{"line":22,"column":22},"end":{"line":22,"column":32}},"loc":{"start":{"line":22,"column":43},"end":{"line":34,"column":1}},"line":22},"3":{"name":"deleteTask","decl":{"start":{"line":36,"column":22},"end":{"line":36,"column":32}},"loc":{"start":{"line":36,"column":43},"end":{"line":44,"column":1}},"line":36}},"branchMap":{"0":{"loc":{"start":{"line":10,"column":2},"end":{"line":10,"column":73}},"type":"if","locations":[{"start":{"line":10,"column":2},"end":{"line":10,"column":73}},{"start":{},"end":{}}],"line":10},"1":{"loc":{"start":{"line":14,"column":17},"end":{"line":14,"column":34}},"type":"binary-expr","locations":[{"start":{"line":14,"column":17},"end":{"line":14,"column":28}},{"start":{"line":14,"column":32},"end":{"line":14,"column":34}}],"line":14},"2":{"loc":{"start":{"line":15,"column":12},"end":{"line":15,"column":31}},"type":"binary-expr","locations":[{"start":{"line":15,"column":12},"end":{"line":15,"column":18}},{"start":{"line":15,"column":22},"end":{"line":15,"column":31}}],"line":15},"3":{"loc":{"start":{"line":26,"column":2},"end":{"line":26,"column":67}},"type":"if","locations":[{"start":{"line":26,"column":2},"end":{"line":26,"column":67}},{"start":{},"end":{}}],"line":26},"4":{"loc":{"start":{"line":28,"column":15},"end":{"line":28,"column":43}},"type":"binary-expr","locations":[{"start":{"line":28,"column":15},"end":{"line":28,"column":29}},{"start":{"line":28,"column":33},"end":{"line":28,"column":43}}],"line":28},"5":{"loc":{"start":{"line":29,"column":21},"end":{"line":29,"column":61}},"type":"binary-expr","locations":[{"start":{"line":29,"column":21},"end":{"line":29,"column":41}},{"start":{"line":29,"column":45},"end":{"line":29,"column":61}}],"line":29},"6":{"loc":{"start":{"line":30,"column":16},"end":{"line":30,"column":46}},"type":"binary-expr","locations":[{"start":{"line":30,"column":16},"end":{"line":30,"column":31}},{"start":{"line":30,"column":35},"end":{"line":30,"column":46}}],"line":30},"7":{"loc":{"start":{"line":40,"column":2},"end":{"line":40,"column":67}},"type":"if","locations":[{"start":{"line":40,"column":2},"end":{"line":40,"column":67}},{"start":{},"end":{}}],"line":40}},"s":{"0":0,"1":0,"2":0,"3":0,"4":0,"5":0,"6":0,"7":0,"8":0,"9":0,"10":0,"11":0,"12":0,"13":0,"14":0,"15":0,"16":0,"17":0,"18":0,"19":0,"20":0,"21":0},"f":{"0":0,"1":0,"2":0,"3":0},"b":{"0":[0,0],"1":[0,0],"2":[0,0],"3":[0,0],"4":[0,0],"5":[0,0],"6":[0,0],"7":[0,0]}}
,"C:\\Users\\Asus\\OneDrive\\Desktop\\Task Management Application\\backend\\src\\middleware\\authMiddleware.js": {"path":"C:\\Users\\Asus\\OneDrive\\Desktop\\Task Management Application\\backend\\src\\middleware\\authMiddleware.js","statementMap":{"0":{"start":{"line":4,"column":17},"end":{"line":4,"column":42}},"1":{"start":{"line":5,"column":2},"end":{"line":5,"column":73}},"2":{"start":{"line":5,"column":15},"end":{"line":5,"column":73}},"3":{"start":{"line":7,"column":16},"end":{"line":7,"column":36}},"4":{"start":{"line":8,"column":2},"end":{"line":14,"column":3}},"5":{"start":{"line":9,"column":20},"end":{"line":9,"column":61}},"6":{"start":{"line":10,"column":4},"end":{"line":10,"column":62}},"7":{"start":{"line":11,"column":4},"end":{"line":11,"column":11}},"8":{"start":{"line":13,"column":4},"end":{"line":13,"column":62}}},"fnMap":{"0":{"name":"requireAuth","decl":{"start":{"line":3,"column":16},"end":{"line":3,"column":27}},"loc":{"start":{"line":3,"column":44},"end":{"line":15,"column":1}},"line":3}},"branchMap":{"0":{"loc":{"start":{"line":5,"column":2},"end":{"line":5,"column":73}},"type":"if","locations":[{"start":{"line":5,"column":2},"end":{"line":5,"column":73}},{"start":{},"end":{}}],"line":5}},"s":{"0":0,"1":0,"2":0,"3":0,"4":0,"5":0,"6":0,"7":0,"8":0},"f":{"0":0},"b":{"0":[0,0]}}
,"C:\\Users\\Asus\\OneDrive\\Desktop\\Task Management Application\\backend\\src\\models\\Task.js": {"path":"C:\\Users\\Asus\\OneDrive\\Desktop\\Task Management Application\\backend\\src\\models\\Task.js","statementMap":{"0":{"start":{"line":3,"column":19},"end":{"line":11,"column":1}}},"fnMap":{},"branchMap":{},"s":{"0":0},"f":{},"b":{}}
,"C:\\Users\\Asus\\OneDrive\\Desktop\\Task Management Application\\backend\\src\\models\\User.js": {"path":"C:\\Users\\Asus\\OneDrive\\Desktop\\Task Management Application\\backend\\src\\models\\User.js","statementMap":{"0":{"start":{"line":3,"column":19},"end":{"line":9,"column":1}}},"fnMap":{},"branchMap":{},"s":{"0":0},"f":{},"b":{}}
,"C:\\Users\\Asus\\OneDrive\\Desktop\\Task Management Application\\backend\\src\\routes\\auth.js": {"path":"C:\\Users\\Asus\\OneDrive\\Desktop\\Task Management Application\\backend\\src\\routes\\auth.js","statementMap":{"0":{"start":{"line":4,"column":15},"end":{"line":4,"column":31}},"1":{"start":{"line":6,"column":0},"end":{"line":6,"column":35}},"2":{"start":{"line":7,"column":0},"end":{"line":7,"column":29}}},"fnMap":{},"branchMap":{},"s":{"0":0,"1":0,"2":0},"f":{},"b":{}}
,"C:\\Users\\Asus\\OneDrive\\Desktop\\Task Management Application\\backend\\src\\routes\\tasks.js": {"path":"C:\\Users\\Asus\\OneDrive\\Desktop\\Task Management Application\\backend\\src\\routes\\tasks.js","statementMap":{"0":{"start":{"line":5,"column":15},"end":{"line":5,"column":31}},"1":{"start":{"line":7,"column":0},"end":{"line":7,"column":24}},"2":{"start":{"line":8,"column":0},"end":{"line":8,"column":26}},"3":{"start":{"line":9,"column":0},"end":{"line":9,"column":29}},"4":{"start":{"line":10,"column":0},"end":{"line":10,"column":31}},"5":{"start":{"line":11,"column":0},"end":{"line":11,"column":34}}},"fnMap":{},"branchMap":{},"s":{"0":0,"1":0,"2":0,"3":0,"4":0,"5":0},"f":{},"b":{}}
}
