TN:
SF:src\app.js
FN:14,signToken
FN:19,(anonymous_1)
FN:30,(anonymous_2)
FN:40,authMiddleware
FN:55,(anonymous_4)
FN:61,(anonymous_5)
FN:73,(anonymous_6)
FN:78,(anonymous_7)
FN:86,(anonymous_8)
FN:91,(anonymous_9)
FN:104,(anonymous_10)
FNF:11
FNH:10
FNDA:4,signToken
FNDA:2,(anonymous_1)
FNDA:3,(anonymous_2)
FNDA:6,authMiddleware
FNDA:1,(anonymous_4)
FNDA:1,(anonymous_5)
FNDA:1,(anonymous_6)
FNDA:1,(anonymous_7)
FNDA:1,(anonymous_8)
FNDA:1,(anonymous_9)
FNDA:0,(anonymous_10)
DA:1,3
DA:2,3
DA:4,3
DA:5,3
DA:7,3
DA:10,3
DA:11,3
DA:15,4
DA:19,3
DA:20,2
DA:21,2
DA:22,2
DA:23,2
DA:24,2
DA:25,2
DA:26,2
DA:30,3
DA:31,3
DA:32,3
DA:33,3
DA:34,3
DA:35,2
DA:36,2
DA:41,6
DA:42,6
DA:43,6
DA:44,5
DA:45,5
DA:46,5
DA:47,4
DA:48,4
DA:50,1
DA:55,3
DA:56,1
DA:57,1
DA:58,1
DA:61,3
DA:62,1
DA:63,1
DA:64,1
DA:65,1
DA:66,1
DA:67,1
DA:68,1
DA:69,1
DA:70,1
DA:73,3
DA:74,1
DA:75,1
DA:76,1
DA:77,1
DA:78,1
DA:79,1
DA:80,1
DA:81,1
DA:82,1
DA:83,1
DA:86,3
DA:87,1
DA:88,1
DA:89,1
DA:90,1
DA:91,1
DA:92,1
DA:93,1
DA:94,1
DA:95,1
DA:99,3
DA:102,3
DA:103,0
DA:104,0
LF:71
LH:69
BRDA:7,0,0,3
BRDA:7,0,1,3
BRDA:20,1,0,2
BRDA:20,1,1,0
BRDA:21,2,0,0
BRDA:21,2,1,2
BRDA:21,3,0,2
BRDA:21,3,1,2
BRDA:22,4,0,0
BRDA:22,4,1,2
BRDA:24,5,0,2
BRDA:24,5,1,0
BRDA:31,6,0,3
BRDA:31,6,1,0
BRDA:32,7,0,0
BRDA:32,7,1,3
BRDA:32,8,0,3
BRDA:32,8,1,3
BRDA:34,9,0,1
BRDA:34,9,1,2
BRDA:34,10,0,3
BRDA:34,10,1,3
BRDA:41,11,0,6
BRDA:41,11,1,1
BRDA:43,12,0,1
BRDA:43,12,1,5
BRDA:57,13,0,1
BRDA:57,13,1,0
BRDA:63,14,0,0
BRDA:63,15,0,0
BRDA:63,16,0,1
BRDA:63,16,1,0
BRDA:64,17,0,0
BRDA:64,17,1,1
BRDA:67,18,0,1
BRDA:67,18,1,0
BRDA:76,19,0,1
BRDA:76,19,1,0
BRDA:77,20,0,1
BRDA:77,20,1,0
BRDA:78,21,0,1
BRDA:78,21,1,0
BRDA:79,22,0,0
BRDA:79,22,1,1
BRDA:89,23,0,1
BRDA:89,23,1,0
BRDA:91,24,0,1
BRDA:91,24,1,0
BRDA:94,25,0,0
BRDA:94,25,1,1
BRDA:102,26,0,0
BRDA:102,26,1,3
BRDA:103,27,0,0
BRDA:103,27,1,0
BRF:54
BRH:32
end_of_record
TN:
SF:src\index.js
FN:14,(anonymous_0)
FN:23,(anonymous_1)
FN:25,(anonymous_2)
FN:27,(anonymous_3)
FNF:4
FNH:0
FNDA:0,(anonymous_0)
FNDA:0,(anonymous_1)
FNDA:0,(anonymous_2)
FNDA:0,(anonymous_3)
DA:8,0
DA:10,0
DA:11,0
DA:12,0
DA:14,0
DA:16,0
DA:17,0
DA:19,0
DA:20,0
DA:22,0
DA:24,0
DA:25,0
DA:28,0
DA:29,0
LF:14
LH:0
BRDA:19,0,0,0
BRDA:19,0,1,0
BRF:2
BRH:0
end_of_record
TN:
SF:src\controllers\authController.js
FN:5,register
FN:20,login
FNF:2
FNH:0
FNDA:0,register
FNDA:0,login
DA:6,0
DA:7,0
DA:8,0
DA:9,0
DA:11,0
DA:12,0
DA:14,0
DA:16,0
DA:21,0
DA:22,0
DA:23,0
DA:24,0
DA:26,0
DA:27,0
DA:29,0
DA:35,0
DA:37,0
LF:17
LH:0
BRDA:9,0,0,0
BRDA:9,0,1,0
BRDA:24,1,0,0
BRDA:24,1,1,0
BRDA:27,2,0,0
BRDA:27,2,1,0
BRF:6
BRH:0
end_of_record
TN:
SF:src\controllers\taskController.js
FN:3,getTasks
FN:8,createTask
FN:22,updateTask
FN:36,deleteTask
FNF:4
FNH:0
FNDA:0,getTasks
FNDA:0,createTask
FNDA:0,updateTask
FNDA:0,deleteTask
DA:4,0
DA:5,0
DA:9,0
DA:10,0
DA:12,0
DA:19,0
DA:23,0
DA:24,0
DA:26,0
DA:28,0
DA:29,0
DA:30,0
DA:32,0
DA:33,0
DA:37,0
DA:38,0
DA:40,0
DA:42,0
DA:43,0
LF:19
LH:0
BRDA:10,0,0,0
BRDA:10,0,1,0
BRDA:14,1,0,0
BRDA:14,1,1,0
BRDA:15,2,0,0
BRDA:15,2,1,0
BRDA:26,3,0,0
BRDA:26,3,1,0
BRDA:28,4,0,0
BRDA:28,4,1,0
BRDA:29,5,0,0
BRDA:29,5,1,0
BRDA:30,6,0,0
BRDA:30,6,1,0
BRDA:40,7,0,0
BRDA:40,7,1,0
BRF:16
BRH:0
end_of_record
TN:
SF:src\middleware\authMiddleware.js
FN:3,requireAuth
FNF:1
FNH:0
FNDA:0,requireAuth
DA:4,0
DA:5,0
DA:7,0
DA:8,0
DA:9,0
DA:10,0
DA:11,0
DA:13,0
LF:8
LH:0
BRDA:5,0,0,0
BRDA:5,0,1,0
BRF:2
BRH:0
end_of_record
TN:
SF:src\models\Task.js
FNF:0
FNH:0
DA:3,0
LF:1
LH:0
BRF:0
BRH:0
end_of_record
TN:
SF:src\models\User.js
FNF:0
FNH:0
DA:3,0
LF:1
LH:0
BRF:0
BRH:0
end_of_record
TN:
SF:src\routes\auth.js
FNF:0
FNH:0
DA:4,0
DA:6,0
DA:7,0
LF:3
LH:0
BRF:0
BRH:0
end_of_record
TN:
SF:src\routes\tasks.js
FNF:0
FNH:0
DA:5,0
DA:7,0
DA:8,0
DA:9,0
DA:10,0
DA:11,0
LF:6
LH:0
BRF:0
BRH:0
end_of_record
