{"C:\\Users\\Asus\\OneDrive\\Desktop\\Task Management Application\\frontend\\src\\App.jsx": {"path":"C:\\Users\\Asus\\OneDrive\\Desktop\\Task Management Application\\frontend\\src\\App.jsx","statementMap":{"0":{"start":{"line":11,"column":16},"end":{"line":11,"column":46}},"1":{"start":{"line":11,"column":33},"end":{"line":11,"column":45}},"2":{"start":{"line":12,"column":19},"end":{"line":12,"column":32}},"3":{"start":{"line":13,"column":2},"end":{"line":43,"column":3}},"4":{"start":{"line":28,"column":37},"end":{"line":28,"column":55}}},"fnMap":{"0":{"name":"App","decl":{"start":{"line":10,"column":24},"end":{"line":10,"column":27}},"loc":{"start":{"line":10,"column":29},"end":{"line":44,"column":1}},"line":10},"1":{"name":"(anonymous_1)","decl":{"start":{"line":11,"column":28},"end":{"line":11,"column":29}},"loc":{"start":{"line":11,"column":33},"end":{"line":11,"column":45}},"line":11},"2":{"name":"(anonymous_2)","decl":{"start":{"line":28,"column":31},"end":{"line":28,"column":32}},"loc":{"start":{"line":28,"column":37},"end":{"line":28,"column":55}},"line":28}},"branchMap":{"0":{"loc":{"start":{"line":22,"column":13},"end":{"line":29,"column":13}},"type":"cond-expr","locations":[{"start":{"line":23,"column":14},"end":{"line":26,"column":17}},{"start":{"line":28,"column":14},"end":{"line":28,"column":88}}],"line":22}},"s":{"0":0,"1":0,"2":0,"3":0,"4":0},"f":{"0":0,"1":0,"2":0},"b":{"0":[0,0]}}
,"C:\\Users\\Asus\\OneDrive\\Desktop\\Task Management Application\\frontend\\src\\main.jsx": {"path":"C:\\Users\\Asus\\OneDrive\\Desktop\\Task Management Application\\frontend\\src\\main.jsx","statementMap":{"0":{"start":{"line":9,"column":0},"end":{"line":17,"column":1}}},"fnMap":{},"branchMap":{},"s":{"0":0},"f":{},"b":{}}
,"C:\\Users\\Asus\\OneDrive\\Desktop\\Task Management Application\\frontend\\src\\api\\axios.js": {"path":"C:\\Users\\Asus\\OneDrive\\Desktop\\Task Management Application\\frontend\\src\\api\\axios.js","statementMap":{"0":{"start":{"line":2,"column":16},"end":{"line":2,"column":71}},"1":{"start":{"line":3,"column":12},"end":{"line":3,"column":55}},"2":{"start":{"line":4,"column":0},"end":{"line":8,"column":2}},"3":{"start":{"line":5,"column":16},"end":{"line":5,"column":45}},"4":{"start":{"line":6,"column":2},"end":{"line":6,"column":61}},"5":{"start":{"line":6,"column":13},"end":{"line":6,"column":61}},"6":{"start":{"line":7,"column":2},"end":{"line":7,"column":15}}},"fnMap":{"0":{"name":"(anonymous_0)","decl":{"start":{"line":4,"column":29},"end":{"line":4,"column":30}},"loc":{"start":{"line":4,"column":39},"end":{"line":8,"column":1}},"line":4}},"branchMap":{"0":{"loc":{"start":{"line":2,"column":16},"end":{"line":2,"column":71}},"type":"binary-expr","locations":[{"start":{"line":2,"column":16},"end":{"line":2,"column":44}},{"start":{"line":2,"column":48},"end":{"line":2,"column":71}}],"line":2},"1":{"loc":{"start":{"line":6,"column":2},"end":{"line":6,"column":61}},"type":"if","locations":[{"start":{"line":6,"column":2},"end":{"line":6,"column":61}},{"start":{},"end":{}}],"line":6}},"s":{"0":0,"1":0,"2":0,"3":0,"4":0,"5":0,"6":0},"f":{"0":0},"b":{"0":[0,0],"1":[0,0]}}
,"C:\\Users\\Asus\\OneDrive\\Desktop\\Task Management Application\\frontend\\src\\components\\TaskCard.jsx": {"path":"C:\\Users\\Asus\\OneDrive\\Desktop\\Task Management Application\\frontend\\src\\components\\TaskCard.jsx","statementMap":{"0":{"start":{"line":4,"column":13},"end":{"line":4,"column":32}},"1":{"start":{"line":6,"column":2},"end":{"line":30,"column":3}},"2":{"start":{"line":25,"column":31},"end":{"line":25,"column":43}},"3":{"start":{"line":26,"column":31},"end":{"line":26,"column":43}},"4":{"start":{"line":27,"column":31},"end":{"line":27,"column":43}}},"fnMap":{"0":{"name":"TaskCard","decl":{"start":{"line":3,"column":24},"end":{"line":3,"column":32}},"loc":{"start":{"line":3,"column":70},"end":{"line":31,"column":1}},"line":3},"1":{"name":"(anonymous_1)","decl":{"start":{"line":25,"column":25},"end":{"line":25,"column":26}},"loc":{"start":{"line":25,"column":31},"end":{"line":25,"column":43}},"line":25},"2":{"name":"(anonymous_2)","decl":{"start":{"line":26,"column":25},"end":{"line":26,"column":26}},"loc":{"start":{"line":26,"column":31},"end":{"line":26,"column":43}},"line":26},"3":{"name":"(anonymous_3)","decl":{"start":{"line":27,"column":25},"end":{"line":27,"column":26}},"loc":{"start":{"line":27,"column":31},"end":{"line":27,"column":43}},"line":27}},"branchMap":{"0":{"loc":{"start":{"line":4,"column":13},"end":{"line":4,"column":32}},"type":"binary-expr","locations":[{"start":{"line":4,"column":13},"end":{"line":4,"column":21}},{"start":{"line":4,"column":25},"end":{"line":4,"column":32}}],"line":4},"1":{"loc":{"start":{"line":17,"column":29},"end":{"line":17,"column":190}},"type":"cond-expr","locations":[{"start":{"line":17,"column":61},"end":{"line":17,"column":125}},{"start":{"line":17,"column":128},"end":{"line":17,"column":190}}],"line":17}},"s":{"0":0,"1":0,"2":0,"3":0,"4":0},"f":{"0":0,"1":0,"2":0,"3":0},"b":{"0":[0,0],"1":[0,0]}}
,"C:\\Users\\Asus\\OneDrive\\Desktop\\Task Management Application\\frontend\\src\\components\\TaskForm.jsx": {"path":"C:\\Users\\Asus\\OneDrive\\Desktop\\Task Management Application\\frontend\\src\\components\\TaskForm.jsx","statementMap":{"0":{"start":{"line":7,"column":44},"end":{"line":10,"column":4}},"1":{"start":{"line":12,"column":17},"end":{"line":15,"column":3}},"2":{"start":{"line":13,"column":4},"end":{"line":13,"column":24}},"3":{"start":{"line":14,"column":4},"end":{"line":14,"column":26}},"4":{"start":{"line":14,"column":19},"end":{"line":14,"column":26}},"5":{"start":{"line":17,"column":2},"end":{"line":34,"column":3}}},"fnMap":{"0":{"name":"TaskForm","decl":{"start":{"line":6,"column":24},"end":{"line":6,"column":32}},"loc":{"start":{"line":6,"column":117},"end":{"line":35,"column":1}},"line":6},"1":{"name":"(anonymous_1)","decl":{"start":{"line":12,"column":17},"end":{"line":12,"column":18}},"loc":{"start":{"line":12,"column":31},"end":{"line":15,"column":3}},"line":12}},"branchMap":{"0":{"loc":{"start":{"line":6,"column":45},"end":{"line":6,"column":104}},"type":"default-arg","locations":[{"start":{"line":6,"column":55},"end":{"line":6,"column":104}}],"line":6},"1":{"loc":{"start":{"line":14,"column":4},"end":{"line":14,"column":26}},"type":"if","locations":[{"start":{"line":14,"column":4},"end":{"line":14,"column":26}},{"start":{},"end":{}}],"line":14},"2":{"loc":{"start":{"line":31,"column":9},"end":{"line":31,"column":121}},"type":"binary-expr","locations":[{"start":{"line":31,"column":9},"end":{"line":31,"column":17}},{"start":{"line":31,"column":21},"end":{"line":31,"column":121}}],"line":31}},"s":{"0":0,"1":0,"2":0,"3":0,"4":0,"5":0},"f":{"0":0,"1":0},"b":{"0":[0],"1":[0,0],"2":[0,0]}}
,"C:\\Users\\Asus\\OneDrive\\Desktop\\Task Management Application\\frontend\\src\\lib\\validation.js": {"path":"C:\\Users\\Asus\\OneDrive\\Desktop\\Task Management Application\\frontend\\src\\lib\\validation.js","statementMap":{"0":{"start":{"line":2,"column":26},"end":{"line":2,"column":96}},"1":{"start":{"line":3,"column":26},"end":{"line":3,"column":160}}},"fnMap":{},"branchMap":{},"s":{"0":0,"1":0},"f":{},"b":{}}
,"C:\\Users\\Asus\\OneDrive\\Desktop\\Task Management Application\\frontend\\src\\pages\\Login.jsx": {"path":"C:\\Users\\Asus\\OneDrive\\Desktop\\Task Management Application\\frontend\\src\\pages\\Login.jsx","statementMap":{"0":{"start":{"line":10,"column":19},"end":{"line":10,"column":32}},"1":{"start":{"line":11,"column":19},"end":{"line":11,"column":32}},"2":{"start":{"line":12,"column":26},"end":{"line":12,"column":41}},"3":{"start":{"line":15,"column":4},"end":{"line":15,"column":50}},"4":{"start":{"line":17,"column":19},"end":{"line":24,"column":3}},"5":{"start":{"line":18,"column":4},"end":{"line":23,"column":5}},"6":{"start":{"line":19,"column":6},"end":{"line":19,"column":42}},"7":{"start":{"line":20,"column":6},"end":{"line":20,"column":19}},"8":{"start":{"line":22,"column":6},"end":{"line":22,"column":40}},"9":{"start":{"line":26,"column":2},"end":{"line":110,"column":3}},"10":{"start":{"line":68,"column":33},"end":{"line":68,"column":49}},"11":{"start":{"line":68,"column":46},"end":{"line":68,"column":48}}},"fnMap":{"0":{"name":"Login","decl":{"start":{"line":9,"column":24},"end":{"line":9,"column":29}},"loc":{"start":{"line":9,"column":31},"end":{"line":111,"column":1}},"line":9},"1":{"name":"(anonymous_1)","decl":{"start":{"line":17,"column":19},"end":{"line":17,"column":20}},"loc":{"start":{"line":17,"column":33},"end":{"line":24,"column":3}},"line":17},"2":{"name":"(anonymous_2)","decl":{"start":{"line":68,"column":27},"end":{"line":68,"column":28}},"loc":{"start":{"line":68,"column":33},"end":{"line":68,"column":49}},"line":68},"3":{"name":"(anonymous_3)","decl":{"start":{"line":68,"column":41},"end":{"line":68,"column":42}},"loc":{"start":{"line":68,"column":46},"end":{"line":68,"column":48}},"line":68}},"branchMap":{"0":{"loc":{"start":{"line":22,"column":12},"end":{"line":22,"column":39}},"type":"binary-expr","locations":[{"start":{"line":22,"column":12},"end":{"line":22,"column":21}},{"start":{"line":22,"column":25},"end":{"line":22,"column":39}}],"line":22},"1":{"loc":{"start":{"line":47,"column":15},"end":{"line":49,"column":15}},"type":"binary-expr","locations":[{"start":{"line":47,"column":15},"end":{"line":47,"column":30}},{"start":{"line":48,"column":16},"end":{"line":48,"column":86}}],"line":47},"2":{"loc":{"start":{"line":60,"column":24},"end":{"line":60,"column":50}},"type":"cond-expr","locations":[{"start":{"line":60,"column":31},"end":{"line":60,"column":37}},{"start":{"line":60,"column":40},"end":{"line":60,"column":50}}],"line":60},"3":{"loc":{"start":{"line":71,"column":19},"end":{"line":71,"column":41}},"type":"cond-expr","locations":[{"start":{"line":71,"column":26},"end":{"line":71,"column":32}},{"start":{"line":71,"column":35},"end":{"line":71,"column":41}}],"line":71},"4":{"loc":{"start":{"line":75,"column":15},"end":{"line":77,"column":15}},"type":"binary-expr","locations":[{"start":{"line":75,"column":15},"end":{"line":75,"column":30}},{"start":{"line":76,"column":16},"end":{"line":76,"column":86}}],"line":75},"5":{"loc":{"start":{"line":97,"column":15},"end":{"line":97,"column":57}},"type":"cond-expr","locations":[{"start":{"line":97,"column":30},"end":{"line":97,"column":45}},{"start":{"line":97,"column":48},"end":{"line":97,"column":57}}],"line":97}},"s":{"0":0,"1":0,"2":0,"3":0,"4":0,"5":0,"6":0,"7":0,"8":0,"9":0,"10":0,"11":0},"f":{"0":0,"1":0,"2":0,"3":0},"b":{"0":[0,0],"1":[0,0],"2":[0,0],"3":[0,0],"4":[0,0],"5":[0,0]}}
,"C:\\Users\\Asus\\OneDrive\\Desktop\\Task Management Application\\frontend\\src\\pages\\Register.jsx": {"path":"C:\\Users\\Asus\\OneDrive\\Desktop\\Task Management Application\\frontend\\src\\pages\\Register.jsx","statementMap":{"0":{"start":{"line":10,"column":19},"end":{"line":10,"column":32}},"1":{"start":{"line":11,"column":19},"end":{"line":11,"column":32}},"2":{"start":{"line":13,"column":4},"end":{"line":13,"column":50}},"3":{"start":{"line":15,"column":19},"end":{"line":22,"column":3}},"4":{"start":{"line":16,"column":4},"end":{"line":21,"column":5}},"5":{"start":{"line":17,"column":6},"end":{"line":17,"column":51}},"6":{"start":{"line":18,"column":6},"end":{"line":18,"column":19}},"7":{"start":{"line":20,"column":6},"end":{"line":20,"column":47}},"8":{"start":{"line":24,"column":2},"end":{"line":42,"column":3}}},"fnMap":{"0":{"name":"Register","decl":{"start":{"line":9,"column":24},"end":{"line":9,"column":32}},"loc":{"start":{"line":9,"column":34},"end":{"line":43,"column":1}},"line":9},"1":{"name":"(anonymous_1)","decl":{"start":{"line":15,"column":19},"end":{"line":15,"column":20}},"loc":{"start":{"line":15,"column":33},"end":{"line":22,"column":3}},"line":15}},"branchMap":{"0":{"loc":{"start":{"line":20,"column":12},"end":{"line":20,"column":46}},"type":"binary-expr","locations":[{"start":{"line":20,"column":12},"end":{"line":20,"column":21}},{"start":{"line":20,"column":25},"end":{"line":20,"column":46}}],"line":20},"1":{"loc":{"start":{"line":31,"column":11},"end":{"line":31,"column":100}},"type":"binary-expr","locations":[{"start":{"line":31,"column":11},"end":{"line":31,"column":26}},{"start":{"line":31,"column":30},"end":{"line":31,"column":100}}],"line":31},"2":{"loc":{"start":{"line":36,"column":11},"end":{"line":36,"column":100}},"type":"binary-expr","locations":[{"start":{"line":36,"column":11},"end":{"line":36,"column":26}},{"start":{"line":36,"column":30},"end":{"line":36,"column":100}}],"line":36}},"s":{"0":0,"1":0,"2":0,"3":0,"4":0,"5":0,"6":0,"7":0,"8":0},"f":{"0":0,"1":0},"b":{"0":[0,0],"1":[0,0],"2":[0,0]}}
,"C:\\Users\\Asus\\OneDrive\\Desktop\\Task Management Application\\frontend\\src\\pages\\Tasks.jsx": {"path":"C:\\Users\\Asus\\OneDrive\\Desktop\\Task Management Application\\frontend\\src\\pages\\Tasks.jsx","statementMap":{"0":{"start":{"line":8,"column":19},"end":{"line":8,"column":32}},"1":{"start":{"line":9,"column":16},"end":{"line":9,"column":53}},"2":{"start":{"line":9,"column":33},"end":{"line":9,"column":52}},"3":{"start":{"line":10,"column":32},"end":{"line":10,"column":46}},"4":{"start":{"line":12,"column":2},"end":{"line":12,"column":57}},"5":{"start":{"line":12,"column":20},"end":{"line":12,"column":42}},"6":{"start":{"line":14,"column":19},"end":{"line":14,"column":69}},"7":{"start":{"line":14,"column":35},"end":{"line":14,"column":67}},"8":{"start":{"line":15,"column":19},"end":{"line":15,"column":101}},"9":{"start":{"line":15,"column":41},"end":{"line":15,"column":82}},"10":{"start":{"line":15,"column":83},"end":{"line":15,"column":99}},"11":{"start":{"line":16,"column":19},"end":{"line":16,"column":94}},"12":{"start":{"line":16,"column":33},"end":{"line":16,"column":92}},"13":{"start":{"line":16,"column":62},"end":{"line":16,"column":92}},"14":{"start":{"line":18,"column":2},"end":{"line":46,"column":3}},"15":{"start":{"line":29,"column":10},"end":{"line":35,"column":12}},"16":{"start":{"line":32,"column":26},"end":{"line":32,"column":39}},"17":{"start":{"line":33,"column":28},"end":{"line":33,"column":51}},"18":{"start":{"line":34,"column":28},"end":{"line":34,"column":113}},"19":{"start":{"line":42,"column":56},"end":{"line":42,"column":97}},"20":{"start":{"line":42,"column":115},"end":{"line":42,"column":131}}},"fnMap":{"0":{"name":"Tasks","decl":{"start":{"line":7,"column":24},"end":{"line":7,"column":29}},"loc":{"start":{"line":7,"column":31},"end":{"line":47,"column":1}},"line":7},"1":{"name":"(anonymous_1)","decl":{"start":{"line":9,"column":28},"end":{"line":9,"column":29}},"loc":{"start":{"line":9,"column":33},"end":{"line":9,"column":52}},"line":9},"2":{"name":"(anonymous_2)","decl":{"start":{"line":12,"column":12},"end":{"line":12,"column":13}},"loc":{"start":{"line":12,"column":18},"end":{"line":12,"column":44}},"line":12},"3":{"name":"(anonymous_3)","decl":{"start":{"line":14,"column":19},"end":{"line":14,"column":20}},"loc":{"start":{"line":14,"column":33},"end":{"line":14,"column":69}},"line":14},"4":{"name":"(anonymous_4)","decl":{"start":{"line":15,"column":19},"end":{"line":15,"column":20}},"loc":{"start":{"line":15,"column":39},"end":{"line":15,"column":101}},"line":15},"5":{"name":"(anonymous_5)","decl":{"start":{"line":16,"column":19},"end":{"line":16,"column":20}},"loc":{"start":{"line":16,"column":31},"end":{"line":16,"column":94}},"line":16},"6":{"name":"(anonymous_6)","decl":{"start":{"line":28,"column":19},"end":{"line":28,"column":20}},"loc":{"start":{"line":29,"column":10},"end":{"line":35,"column":12}},"line":29},"7":{"name":"(anonymous_7)","decl":{"start":{"line":32,"column":20},"end":{"line":32,"column":21}},"loc":{"start":{"line":32,"column":26},"end":{"line":32,"column":39}},"line":32},"8":{"name":"(anonymous_8)","decl":{"start":{"line":33,"column":22},"end":{"line":33,"column":23}},"loc":{"start":{"line":33,"column":28},"end":{"line":33,"column":51}},"line":33},"9":{"name":"(anonymous_9)","decl":{"start":{"line":34,"column":22},"end":{"line":34,"column":23}},"loc":{"start":{"line":34,"column":28},"end":{"line":34,"column":113}},"line":34},"10":{"name":"(anonymous_10)","decl":{"start":{"line":42,"column":48},"end":{"line":42,"column":49}},"loc":{"start":{"line":42,"column":56},"end":{"line":42,"column":97}},"line":42},"11":{"name":"(anonymous_11)","decl":{"start":{"line":42,"column":109},"end":{"line":42,"column":110}},"loc":{"start":{"line":42,"column":115},"end":{"line":42,"column":131}},"line":42}},"branchMap":{"0":{"loc":{"start":{"line":9,"column":33},"end":{"line":9,"column":52}},"type":"binary-expr","locations":[{"start":{"line":9,"column":33},"end":{"line":9,"column":46}},{"start":{"line":9,"column":50},"end":{"line":9,"column":52}}],"line":9},"1":{"loc":{"start":{"line":16,"column":33},"end":{"line":16,"column":92}},"type":"if","locations":[{"start":{"line":16,"column":33},"end":{"line":16,"column":92}},{"start":{},"end":{}}],"line":16},"2":{"loc":{"start":{"line":30,"column":17},"end":{"line":30,"column":30}},"type":"binary-expr","locations":[{"start":{"line":30,"column":17},"end":{"line":30,"column":22}},{"start":{"line":30,"column":26},"end":{"line":30,"column":30}}],"line":30},"3":{"loc":{"start":{"line":33,"column":37},"end":{"line":33,"column":50}},"type":"binary-expr","locations":[{"start":{"line":33,"column":37},"end":{"line":33,"column":42}},{"start":{"line":33,"column":46},"end":{"line":33,"column":50}}],"line":33},"4":{"loc":{"start":{"line":34,"column":37},"end":{"line":34,"column":50}},"type":"binary-expr","locations":[{"start":{"line":34,"column":37},"end":{"line":34,"column":42}},{"start":{"line":34,"column":46},"end":{"line":34,"column":50}}],"line":34},"5":{"loc":{"start":{"line":34,"column":62},"end":{"line":34,"column":110}},"type":"cond-expr","locations":[{"start":{"line":34,"column":87},"end":{"line":34,"column":98}},{"start":{"line":34,"column":101},"end":{"line":34,"column":110}}],"line":34},"6":{"loc":{"start":{"line":39,"column":7},"end":{"line":44,"column":7}},"type":"binary-expr","locations":[{"start":{"line":39,"column":7},"end":{"line":39,"column":14}},{"start":{"line":40,"column":8},"end":{"line":43,"column":14}}],"line":39},"7":{"loc":{"start":{"line":42,"column":65},"end":{"line":42,"column":90}},"type":"binary-expr","locations":[{"start":{"line":42,"column":65},"end":{"line":42,"column":76}},{"start":{"line":42,"column":80},"end":{"line":42,"column":90}}],"line":42}},"s":{"0":0,"1":0,"2":0,"3":0,"4":0,"5":0,"6":0,"7":0,"8":0,"9":0,"10":0,"11":0,"12":0,"13":0,"14":0,"15":0,"16":0,"17":0,"18":0,"19":0,"20":0},"f":{"0":0,"1":0,"2":0,"3":0,"4":0,"5":0,"6":0,"7":0,"8":0,"9":0,"10":0,"11":0},"b":{"0":[0,0],"1":[0,0],"2":[0,0],"3":[0,0],"4":[0,0],"5":[0,0],"6":[0,0],"7":[0,0]}}
,"C:\\Users\\Asus\\OneDrive\\Desktop\\Task Management Application\\frontend\\src\\routes\\ProtectedRoute.jsx": {"path":"C:\\Users\\Asus\\OneDrive\\Desktop\\Task Management Application\\frontend\\src\\routes\\ProtectedRoute.jsx","statementMap":{"0":{"start":{"line":6,"column":16},"end":{"line":6,"column":46}},"1":{"start":{"line":6,"column":33},"end":{"line":6,"column":45}},"2":{"start":{"line":7,"column":2},"end":{"line":7,"column":60}}},"fnMap":{"0":{"name":"ProtectedRoute","decl":{"start":{"line":5,"column":24},"end":{"line":5,"column":38}},"loc":{"start":{"line":5,"column":52},"end":{"line":8,"column":1}},"line":5},"1":{"name":"(anonymous_1)","decl":{"start":{"line":6,"column":28},"end":{"line":6,"column":29}},"loc":{"start":{"line":6,"column":33},"end":{"line":6,"column":45}},"line":6}},"branchMap":{"0":{"loc":{"start":{"line":7,"column":9},"end":{"line":7,"column":60}},"type":"cond-expr","locations":[{"start":{"line":7,"column":17},"end":{"line":7,"column":25}},{"start":{"line":7,"column":28},"end":{"line":7,"column":60}}],"line":7}},"s":{"0":0,"1":0,"2":0},"f":{"0":0,"1":0},"b":{"0":[0,0]}}
,"C:\\Users\\Asus\\OneDrive\\Desktop\\Task Management Application\\frontend\\src\\store\\index.js": {"path":"C:\\Users\\Asus\\OneDrive\\Desktop\\Task Management Application\\frontend\\src\\store\\index.js","statementMap":{"0":{"start":{"line":5,"column":14},"end":{"line":5,"column":85}}},"fnMap":{},"branchMap":{},"s":{"0":0},"f":{},"b":{}}
,"C:\\Users\\Asus\\OneDrive\\Desktop\\Task Management Application\\frontend\\src\\store\\slices\\authSlice.js": {"path":"C:\\Users\\Asus\\OneDrive\\Desktop\\Task Management Application\\frontend\\src\\store\\slices\\authSlice.js","statementMap":{"0":{"start":{"line":4,"column":21},"end":{"line":7,"column":2}},"1":{"start":{"line":5,"column":14},"end":{"line":5,"column":50}},"2":{"start":{"line":6,"column":2},"end":{"line":6,"column":17}},"3":{"start":{"line":9,"column":24},"end":{"line":12,"column":2}},"4":{"start":{"line":10,"column":14},"end":{"line":10,"column":53}},"5":{"start":{"line":11,"column":2},"end":{"line":11,"column":17}},"6":{"start":{"line":14,"column":14},"end":{"line":14,"column":43}},"7":{"start":{"line":15,"column":21},"end":{"line":15,"column":86}},"8":{"start":{"line":17,"column":18},"end":{"line":31,"column":2}},"9":{"start":{"line":21,"column":19},"end":{"line":21,"column":37}},"10":{"start":{"line":21,"column":38},"end":{"line":21,"column":57}},"11":{"start":{"line":21,"column":58},"end":{"line":21,"column":90}},"12":{"start":{"line":24,"column":4},"end":{"line":26,"column":6}},"13":{"start":{"line":25,"column":6},"end":{"line":25,"column":39}},"14":{"start":{"line":25,"column":40},"end":{"line":25,"column":75}},"15":{"start":{"line":25,"column":76},"end":{"line":25,"column":127}},"16":{"start":{"line":27,"column":4},"end":{"line":29,"column":6}},"17":{"start":{"line":28,"column":6},"end":{"line":28,"column":39}},"18":{"start":{"line":28,"column":40},"end":{"line":28,"column":75}},"19":{"start":{"line":28,"column":76},"end":{"line":28,"column":127}},"20":{"start":{"line":33,"column":26},"end":{"line":33,"column":43}}},"fnMap":{"0":{"name":"(anonymous_0)","decl":{"start":{"line":4,"column":52},"end":{"line":4,"column":53}},"loc":{"start":{"line":4,"column":67},"end":{"line":7,"column":1}},"line":4},"1":{"name":"(anonymous_1)","decl":{"start":{"line":9,"column":58},"end":{"line":9,"column":59}},"loc":{"start":{"line":9,"column":73},"end":{"line":12,"column":1}},"line":9},"2":{"name":"(anonymous_2)","decl":{"start":{"line":21,"column":4},"end":{"line":21,"column":5}},"loc":{"start":{"line":21,"column":17},"end":{"line":21,"column":92}},"line":21},"3":{"name":"(anonymous_3)","decl":{"start":{"line":23,"column":17},"end":{"line":23,"column":18}},"loc":{"start":{"line":23,"column":28},"end":{"line":30,"column":3}},"line":23},"4":{"name":"(anonymous_4)","decl":{"start":{"line":24,"column":37},"end":{"line":24,"column":38}},"loc":{"start":{"line":24,"column":56},"end":{"line":26,"column":5}},"line":24},"5":{"name":"(anonymous_5)","decl":{"start":{"line":27,"column":40},"end":{"line":27,"column":41}},"loc":{"start":{"line":27,"column":59},"end":{"line":29,"column":5}},"line":27}},"branchMap":{"0":{"loc":{"start":{"line":15,"column":42},"end":{"line":15,"column":55}},"type":"binary-expr","locations":[{"start":{"line":15,"column":42},"end":{"line":15,"column":47}},{"start":{"line":15,"column":51},"end":{"line":15,"column":55}}],"line":15}},"s":{"0":0,"1":0,"2":0,"3":0,"4":0,"5":0,"6":0,"7":0,"8":0,"9":0,"10":0,"11":0,"12":0,"13":0,"14":0,"15":0,"16":0,"17":0,"18":0,"19":0,"20":0},"f":{"0":0,"1":0,"2":0,"3":0,"4":0,"5":0},"b":{"0":[0,0]}}
,"C:\\Users\\Asus\\OneDrive\\Desktop\\Task Management Application\\frontend\\src\\store\\slices\\tasksSlice.js": {"path":"C:\\Users\\Asus\\OneDrive\\Desktop\\Task Management Application\\frontend\\src\\store\\slices\\tasksSlice.js","statementMap":{"0":{"start":{"line":4,"column":26},"end":{"line":6,"column":2}},"1":{"start":{"line":5,"column":14},"end":{"line":5,"column":37}},"2":{"start":{"line":5,"column":39},"end":{"line":5,"column":54}},"3":{"start":{"line":7,"column":26},"end":{"line":9,"column":2}},"4":{"start":{"line":8,"column":14},"end":{"line":8,"column":47}},"5":{"start":{"line":8,"column":49},"end":{"line":8,"column":64}},"6":{"start":{"line":10,"column":26},"end":{"line":12,"column":2}},"7":{"start":{"line":11,"column":14},"end":{"line":11,"column":49}},"8":{"start":{"line":11,"column":51},"end":{"line":11,"column":66}},"9":{"start":{"line":13,"column":26},"end":{"line":15,"column":2}},"10":{"start":{"line":14,"column":2},"end":{"line":14,"column":35}},"11":{"start":{"line":14,"column":36},"end":{"line":14,"column":45}},"12":{"start":{"line":17,"column":19},"end":{"line":29,"column":2}},"13":{"start":{"line":22,"column":4},"end":{"line":22,"column":94}},"14":{"start":{"line":22,"column":63},"end":{"line":22,"column":91}},"15":{"start":{"line":23,"column":4},"end":{"line":23,"column":98}},"16":{"start":{"line":23,"column":63},"end":{"line":23,"column":95}},"17":{"start":{"line":24,"column":4},"end":{"line":26,"column":6}},"18":{"start":{"line":25,"column":6},"end":{"line":25,"column":124}},"19":{"start":{"line":25,"column":41},"end":{"line":25,"column":123}},"20":{"start":{"line":27,"column":4},"end":{"line":27,"column":139}},"21":{"start":{"line":27,"column":63},"end":{"line":27,"column":136}},"22":{"start":{"line":27,"column":101},"end":{"line":27,"column":135}}},"fnMap":{"0":{"name":"(anonymous_0)","decl":{"start":{"line":4,"column":58},"end":{"line":4,"column":59}},"loc":{"start":{"line":4,"column":70},"end":{"line":6,"column":1}},"line":4},"1":{"name":"(anonymous_1)","decl":{"start":{"line":7,"column":59},"end":{"line":7,"column":60}},"loc":{"start":{"line":7,"column":76},"end":{"line":9,"column":1}},"line":7},"2":{"name":"(anonymous_2)","decl":{"start":{"line":10,"column":59},"end":{"line":10,"column":60}},"loc":{"start":{"line":10,"column":83},"end":{"line":12,"column":1}},"line":10},"3":{"name":"(anonymous_3)","decl":{"start":{"line":13,"column":59},"end":{"line":13,"column":60}},"loc":{"start":{"line":13,"column":71},"end":{"line":15,"column":1}},"line":13},"4":{"name":"(anonymous_4)","decl":{"start":{"line":21,"column":17},"end":{"line":21,"column":18}},"loc":{"start":{"line":21,"column":28},"end":{"line":28,"column":3}},"line":21},"5":{"name":"(anonymous_5)","decl":{"start":{"line":22,"column":42},"end":{"line":22,"column":43}},"loc":{"start":{"line":22,"column":61},"end":{"line":22,"column":93}},"line":22},"6":{"name":"(anonymous_6)","decl":{"start":{"line":23,"column":42},"end":{"line":23,"column":43}},"loc":{"start":{"line":23,"column":61},"end":{"line":23,"column":97}},"line":23},"7":{"name":"(anonymous_7)","decl":{"start":{"line":24,"column":42},"end":{"line":24,"column":43}},"loc":{"start":{"line":24,"column":61},"end":{"line":26,"column":5}},"line":24},"8":{"name":"(anonymous_8)","decl":{"start":{"line":25,"column":36},"end":{"line":25,"column":37}},"loc":{"start":{"line":25,"column":41},"end":{"line":25,"column":123}},"line":25},"9":{"name":"(anonymous_9)","decl":{"start":{"line":27,"column":42},"end":{"line":27,"column":43}},"loc":{"start":{"line":27,"column":61},"end":{"line":27,"column":138}},"line":27},"10":{"name":"(anonymous_10)","decl":{"start":{"line":27,"column":96},"end":{"line":27,"column":97}},"loc":{"start":{"line":27,"column":101},"end":{"line":27,"column":135}},"line":27}},"branchMap":{"0":{"loc":{"start":{"line":25,"column":41},"end":{"line":25,"column":123}},"type":"cond-expr","locations":[{"start":{"line":25,"column":105},"end":{"line":25,"column":119}},{"start":{"line":25,"column":122},"end":{"line":25,"column":123}}],"line":25},"1":{"loc":{"start":{"line":25,"column":42},"end":{"line":25,"column":55}},"type":"binary-expr","locations":[{"start":{"line":25,"column":42},"end":{"line":25,"column":47}},{"start":{"line":25,"column":51},"end":{"line":25,"column":55}}],"line":25},"2":{"loc":{"start":{"line":25,"column":62},"end":{"line":25,"column":101}},"type":"binary-expr","locations":[{"start":{"line":25,"column":62},"end":{"line":25,"column":80}},{"start":{"line":25,"column":84},"end":{"line":25,"column":101}}],"line":25},"3":{"loc":{"start":{"line":27,"column":102},"end":{"line":27,"column":115}},"type":"binary-expr","locations":[{"start":{"line":27,"column":102},"end":{"line":27,"column":107}},{"start":{"line":27,"column":111},"end":{"line":27,"column":115}}],"line":27}},"s":{"0":0,"1":0,"2":0,"3":0,"4":0,"5":0,"6":0,"7":0,"8":0,"9":0,"10":0,"11":0,"12":0,"13":0,"14":0,"15":0,"16":0,"17":0,"18":0,"19":0,"20":0,"21":0,"22":0},"f":{"0":0,"1":0,"2":0,"3":0,"4":0,"5":0,"6":0,"7":0,"8":0,"9":0,"10":0},"b":{"0":[0,0],"1":[0,0],"2":[0,0],"3":[0,0]}}
}
